<?xml version="1.0" encoding="UTF-8"?>
<!-- Generated by org.testng.reporters.JUnitXMLReporter -->
<testsuite ignored="0" hostname="Indu" failures="3" tests="3" name="myTest" time="35.674" errors="0" timestamp="2024-05-13T19:59:56 CDT">
  <testcase classname="com.test.automation.tests.script.SalesforceCreateOppAutomation" name="CreateOptyTC15" time="6.823">
    <failure type="java.lang.AssertionError" message="test Case failed expected [Home Page ~ Salesforce - Developer Edition] but found [Change Your Password | Salesforce]">
      <![CDATA[java.lang.AssertionError: test Case failed expected [Home Page ~ Salesforce - Developer Edition] but found [Change Your Password | Salesforce]
at com.test.automation.tests.script.SalesforceCreateOppAutomation.CreateOptyTC15(SalesforceCreateOppAutomation.java:42)
at java.base/java.util.ArrayList.forEach(ArrayList.java:1511)
... Removed 32 stack frames]]>
    </failure>
  </testcase> <!-- CreateOptyTC15 -->
  <testcase classname="com.test.automation.tests.script.SalesforceCreateOppAutomation" name="CreateOptyTC17" time="4.489">
    <failure type="java.lang.AssertionError" message="test Case failed expected [Home Page ~ Salesforce - Developer Edition] but found [Login | Salesforce]">
      <![CDATA[java.lang.AssertionError: test Case failed expected [Home Page ~ Salesforce - Developer Edition] but found [Login | Salesforce]
at com.test.automation.tests.script.SalesforceCreateOppAutomation.CreateOptyTC17(SalesforceCreateOppAutomation.java:101)
at java.base/java.util.ArrayList.forEach(ArrayList.java:1511)
... Removed 32 stack frames]]>
    </failure>
  </testcase> <!-- CreateOptyTC17 -->
  <testcase classname="com.test.automation.tests.script.SalesforceCreateOppAutomation" name="CreateOptyTC18" time="4.39">
    <failure type="java.lang.AssertionError" message="test Case failed expected [Home Page ~ Salesforce - Developer Edition] but found [Login | Salesforce]">
      <![CDATA[java.lang.AssertionError: test Case failed expected [Home Page ~ Salesforce - Developer Edition] but found [Login | Salesforce]
at com.test.automation.tests.script.SalesforceCreateOppAutomation.CreateOptyTC18(SalesforceCreateOppAutomation.java:145)
at java.base/java.util.ArrayList.forEach(ArrayList.java:1511)
... Removed 32 stack frames]]>
    </failure>
  </testcase> <!-- CreateOptyTC18 -->
</testsuite> <!-- myTest -->
