<?xml version="1.0" encoding="UTF-8"?>
<!-- Generated by org.testng.reporters.JUnitXMLReporter -->
<testsuite ignored="0" hostname="Indu" failures="3" tests="5" name="myTest" time="52.002" errors="0" timestamp="2024-05-13T18:27:52 CDT">
  <testcase classname="com.test.automation.tests.script.SalesForceLoginAutomationScript" name="Check_RemeberMe3" time="7.609">
    <failure type="java.lang.AssertionError" message=" login Unsucessful expected [Home Page ~ Salesforce - Developer Edition] but found [Change Your Password | Salesforce]">
      <![CDATA[java.lang.AssertionError:  login Unsucessful expected [Home Page ~ Salesforce - Developer Edition] but found [Change Your Password | Salesforce]
at com.test.automation.tests.script.SalesForceLoginAutomationScript.Check_RemeberMe3(SalesForceLoginAutomationScript.java:101)
at java.base/java.util.ArrayList.forEach(ArrayList.java:1511)
... Removed 36 stack frames]]>
    </failure>
  </testcase> <!-- Check_RemeberMe3 -->
  <testcase classname="com.test.automation.tests.script.SalesForceLoginAutomationScript" name="Forgot_Password4A" time="1.969">
    <failure type="java.lang.AssertionError" message="testCase failed expected [We&amp;apos;ve sent you an email with a link to finish resetting your password.] but found [We’ve sent you an email with a link to finish resetting your password.]">
      <![CDATA[java.lang.AssertionError: testCase failed expected [We've sent you an email with a link to finish resetting your password.] but found [We’ve sent you an email with a link to finish resetting your password.]
at com.test.automation.tests.script.SalesForceLoginAutomationScript.Forgot_Password4A(SalesForceLoginAutomationScript.java:136)
at java.base/java.util.ArrayList.forEach(ArrayList.java:1511)
... Removed 36 stack frames]]>
    </failure>
  </testcase> <!-- Forgot_Password4A -->
  <testcase classname="com.test.automation.tests.script.SalesForceLoginAutomationScript" name="Forgot_Password4B" time="2.309"/>
  <testcase classname="com.test.automation.tests.script.SalesForceLoginAutomationScript" name="login_Error_Message1" time="2.669"/>
  <testcase classname="com.test.automation.tests.script.SalesForceLoginAutomationScript" name="login_To_SalesForce2" time="7.86">
    <failure type="java.lang.AssertionError" message="test Case failed expected [Home Page ~ Salesforce - Developer Edition] but found [Change Your Password | Salesforce]">
      <![CDATA[java.lang.AssertionError: test Case failed expected [Home Page ~ Salesforce - Developer Edition] but found [Change Your Password | Salesforce]
at com.test.automation.tests.script.SalesForceLoginAutomationScript.login_To_SalesForce2(SalesForceLoginAutomationScript.java:45)
at java.base/java.util.ArrayList.forEach(ArrayList.java:1511)
... Removed 36 stack frames]]>
    </failure>
  </testcase> <!-- login_To_SalesForce2 -->
</testsuite> <!-- myTest -->
